2025-04-17 21:09:00 | INFO | repo=2017-course-sys-int-activemq-seminar | action=commit
2025-12-25 08:14:00 | INFO | repo=2017-course-sys-int-activemq-seminar | action=commit
2025-01-26 16:52:00 | WARN | repo=2017-course-sys-int-activemq-seminar | action=commit
2025-12-18 08:06:00 | DEBUG | repo=2017-course-sys-int-activemq-seminar | action=commit
2025-05-17 18:33:00 | WARN | repo=2017-course-sys-int-activemq-seminar | action=pull
2025-07-19 21:57:00 | INFO | repo=2017-course-sys-int-activemq-seminar | action=commit
2025-11-13 08:26:00 | INFO | repo=2017-course-sys-int-activemq-seminar | action=commit
2025-06-02 18:58:00 | WARN | repo=2017-course-sys-int-activemq-seminar | action=commit
2025-10-05 17:41:00 | WARN | repo=2017-course-sys-int-activemq-seminar | action=commit
2025-02-07 08:55:00 | WARN | repo=2017-course-sys-int-activemq-seminar | action=commit
2025-09-21 17:19:00 | DEBUG | repo=2017-course-sys-int-activemq-seminar | action=pull
2025-09-20 18:02:00 | INFO | repo=2017-course-sys-int-activemq-seminar | action=commit
2025-07-26 07:19:00 | INFO | repo=2017-course-sys-int-activemq-seminar | action=pull
2025-11-24 07:29:00 | DEBUG | repo=2017-course-sys-int-activemq-seminar | action=commit
2025-10-05 08:16:00 | WARN | repo=2017-course-sys-int-activemq-seminar | action=commit
2025-11-16 12:06:00 | INFO | repo=2017-course-sys-int-activemq-seminar | action=commit
2025-12-08 07:15:00 | INFO | repo=2017-course-sys-int-activemq-seminar | action=commit
2025-03-22 12:56:00 | INFO | repo=2017-course-sys-int-activemq-seminar | action=commit
2025-12-21 19:25:00 | INFO | repo=2017-course-sys-int-activemq-seminar | action=commit
2025-05-26 16:10:00 | INFO | repo=2017-course-sys-int-activemq-seminar | action=commit
2025-10-06 17:59:00 | DEBUG | repo=2017-course-sys-int-activemq-seminar | action=pull
2025-08-28 20:02:00 | DEBUG | repo=2017-course-sys-int-activemq-seminar | action=commit
2025-03-28 16:07:00 | DEBUG | repo=2017-course-sys-int-activemq-seminar | action=test | passed=true
2025-05-17 20:37:00 | INFO | repo=2017-course-sys-int-activemq-seminar | action=commit
2025-01-28 11:00:00 | INFO | repo=2017-course-sys-int-activemq-seminar | action=commit
2025-03-12 11:05:00 | DEBUG | repo=2017-course-sys-int-activemq-seminar | action=commit
2025-03-20 20:05:00 | WARN | repo=2017-course-sys-int-activemq-seminar | action=commit
2025-10-10 13:09:00 | INFO | repo=2017-course-sys-int-activemq-seminar | action=commit
2025-08-02 19:49:00 | INFO | repo=2017-course-sys-int-activemq-seminar | action=commit
2025-07-22 20:25:00 | INFO | repo=2017-course-sys-int-activemq-seminar | action=commit
2025-07-28 07:33:00 | WARN | repo=2017-course-sys-int-activemq-seminar | action=commit
2025-02-06 11:45:00 | WARN | repo=2017-course-sys-int-activemq-seminar | action=commit
2025-09-21 13:39:00 | INFO | repo=2017-course-sys-int-activemq-seminar | action=commit
2025-08-07 15:55:00 | WARN | repo=2017-course-sys-int-activemq-seminar | action=commit
2025-08-22 18:13:00 | DEBUG | repo=2017-course-sys-int-activemq-seminar | action=commit
2025-12-15 19:28:00 | INFO | repo=2017-course-sys-int-activemq-seminar | action=commit
2025-09-10 15:43:00 | WARN | repo=2017-course-sys-int-activemq-seminar | action=commit
2025-08-19 21:14:00 | INFO | repo=2017-course-sys-int-activemq-seminar | action=commit
2025-08-14 19:50:00 | DEBUG | repo=2017-course-sys-int-activemq-seminar | action=commit
2025-06-08 14:57:00 | INFO | repo=2017-course-sys-int-activemq-seminar | action=test | passed=true
2025-03-07 20:04:00 | INFO | repo=2017-course-sys-int-activemq-seminar | action=commit
2025-03-22 14:09:00 | INFO | repo=2017-course-sys-int-activemq-seminar | action=commit
2025-02-27 20:10:00 | WARN | repo=2017-course-sys-int-activemq-seminar | action=commit
2025-04-12 12:28:00 | INFO | repo=2017-course-sys-int-activemq-seminar | action=pull
2025-07-11 21:40:00 | INFO | repo=2017-course-sys-int-activemq-seminar | action=commit
2025-06-13 21:13:00 | INFO | repo=2017-course-sys-int-activemq-seminar | action=commit
2025-12-25 18:49:00 | WARN | repo=2017-course-sys-int-activemq-seminar | action=commit
2025-12-23 09:36:00 | WARN | repo=2017-course-sys-int-activemq-seminar | action=commit
2025-03-21 17:18:00 | INFO | repo=2017-course-sys-int-activemq-seminar | action=edit | files=4
2025-12-05 19:15:00 | WARN | repo=2017-course-sys-int-activemq-seminar | action=commit
2025-05-20 21:54:00 | WARN | repo=2017-course-sys-int-activemq-seminar | action=commit
2025-12-26 20:18:00 | WARN | repo=2017-course-sys-int-activemq-seminar | action=commit
2025-01-28 14:09:00 | WARN | repo=2017-course-sys-int-activemq-seminar | action=commit
2025-06-05 12:16:00 | INFO | repo=2017-course-sys-int-activemq-seminar | action=commit
2025-08-03 16:38:00 | DEBUG | repo=2017-course-sys-int-activemq-seminar | action=commit
2025-03-23 21:31:00 | DEBUG | repo=2017-course-sys-int-activemq-seminar | action=commit
2025-08-05 07:15:00 | DEBUG | repo=2017-course-sys-int-activemq-seminar | action=edit | files=5
2025-12-24 20:04:00 | DEBUG | repo=2017-course-sys-int-activemq-seminar | action=pull
2025-03-08 19:07:00 | WARN | repo=2017-course-sys-int-activemq-seminar | action=commit
2025-08-26 14:09:00 | INFO | repo=2017-course-sys-int-activemq-seminar | action=commit
2025-08-22 13:40:00 | INFO | repo=2017-course-sys-int-activemq-seminar | action=commit
2025-09-03 08:03:00 | DEBUG | repo=2017-course-sys-int-activemq-seminar | action=commit
2025-05-27 11:02:00 | WARN | repo=2017-course-sys-int-activemq-seminar | action=commit
2025-07-08 10:29:00 | WARN | repo=2017-course-sys-int-activemq-seminar | action=commit
2025-08-19 19:32:00 | DEBUG | repo=2017-course-sys-int-activemq-seminar | action=commit
2025-02-11 19:26:00 | DEBUG | repo=2017-course-sys-int-activemq-seminar | action=commit
2025-09-22 19:14:00 | INFO | repo=2017-course-sys-int-activemq-seminar | action=commit
2025-02-19 11:37:00 | DEBUG | repo=2017-course-sys-int-activemq-seminar | action=commit
2025-12-23 09:36:00 | INFO | repo=2017-course-sys-int-activemq-seminar | action=pull
2025-07-20 09:30:00 | INFO | repo=2017-course-sys-int-activemq-seminar | action=commit
2025-06-02 19:17:00 | DEBUG | repo=2017-course-sys-int-activemq-seminar | action=commit
